<?xml version="1.0" encoding="UTF-8"?>
<testsuite name="com.jrmarcum.universalwasmloader.LoaderTest" tests="24" skipped="0" failures="0" errors="0" timestamp="2026-05-20T16:36:16.833Z" hostname="LEX-016-JM" time="0.716">
  <properties/>
  <testcase name="math_50 multiply()" classname="com.jrmarcum.universalwasmloader.LoaderTest" time="0.149"/>
  <testcase name="booleans_50 isPositive true()" classname="com.jrmarcum.universalwasmloader.LoaderTest" time="0.01"/>
  <testcase name="imports_50 combine()" classname="com.jrmarcum.universalwasmloader.LoaderTest" time="0.015"/>
  <testcase name="bind multiple exports from the same handle()" classname="com.jrmarcum.universalwasmloader.LoaderTest" time="0.011"/>
  <testcase name="booleans_50 isEven true()" classname="com.jrmarcum.universalwasmloader.LoaderTest" time="0.008"/>
  <testcase name="math_50 square()" classname="com.jrmarcum.universalwasmloader.LoaderTest" time="0.008"/>
  <testcase name="strings_50 strLen()" classname="com.jrmarcum.universalwasmloader.LoaderTest" time="0.014"/>
  <testcase name="typed interface delegates all exports()" classname="com.jrmarcum.universalwasmloader.LoaderTest" time="0.019"/>
  <testcase name="InstancePool run returns correct result()" classname="com.jrmarcum.universalwasmloader.LoaderTest" time="0.171"/>
  <testcase name="booleans_50 inRange false()" classname="com.jrmarcum.universalwasmloader.LoaderTest" time="0.034"/>
  <testcase name="WitParser kebabToCamel basic()" classname="com.jrmarcum.universalwasmloader.LoaderTest" time="0.001"/>
  <testcase name="booleans_50 inRange true()" classname="com.jrmarcum.universalwasmloader.LoaderTest" time="0.041"/>
  <testcase name="booleans_50 isEven false()" classname="com.jrmarcum.universalwasmloader.LoaderTest" time="0.011"/>
  <testcase name="booleans_50 isPositive false()" classname="com.jrmarcum.universalwasmloader.LoaderTest" time="0.01"/>
  <testcase name="InstancePool run releases on exception()" classname="com.jrmarcum.universalwasmloader.LoaderTest" time="0.073"/>
  <testcase name="WitParser parses imports()" classname="com.jrmarcum.universalwasmloader.LoaderTest" time="0.002"/>
  <testcase name="bind wraps a single export()" classname="com.jrmarcum.universalwasmloader.LoaderTest" time="0.009"/>
  <testcase name="InstancePool two concurrent runs both complete()" classname="com.jrmarcum.universalwasmloader.LoaderTest" time="0.042"/>
  <testcase name="strings_50 greet()" classname="com.jrmarcum.universalwasmloader.LoaderTest" time="0.015"/>
  <testcase name="strings_50 shout()" classname="com.jrmarcum.universalwasmloader.LoaderTest" time="0.01"/>
  <testcase name="WitParser parses math_50 wit()" classname="com.jrmarcum.universalwasmloader.LoaderTest" time="0.001"/>
  <testcase name="imports_50 scale()" classname="com.jrmarcum.universalwasmloader.LoaderTest" time="0.009"/>
  <testcase name="math_50 add()" classname="com.jrmarcum.universalwasmloader.LoaderTest" time="0.009"/>
  <testcase name="createSingleton returns same instance on repeated calls()" classname="com.jrmarcum.universalwasmloader.LoaderTest" time="0.011"/>
  <system-out><![CDATA[]]></system-out>
  <system-err><![CDATA[]]></system-err>
</testsuite>
